<?xml version="1.0" encoding="UTF-8"?>
<!-- Generated by org.testng.reporters.JUnitReportReporter -->
<testsuite hostname="DESKTOP-T69T9VJ" failures="0" tests="4" name="com.testrunner.TestRunner" time="60.962" errors="0" timestamp="2026-04-19T11:27:18 IST" skipped="0">
  <testcase classname="com.testrunner.TestRunner" name="runScenario" time="13.748"/>
  <testcase classname="com.testrunner.TestRunner" name="runScenario" time="18.263"/>
  <testcase classname="com.testrunner.TestRunner" name="runScenario" time="13.861"/>
  <testcase classname="com.testrunner.TestRunner" name="runScenario" time="15.090"/>
</testsuite> <!-- com.testrunner.TestRunner -->
